[0.093s] Invoking command in '/home/vboxuser/ros2_ws/build/my_cpp_pkg': CMAKE_PREFIX_PATH=/opt/ros/humble /usr/bin/cmake --build /home/vboxuser/ros2_ws/build/my_cpp_pkg -- -j6 -l6
[0.148s] [35m[1mConsolidate compiler generated dependencies of target cpp_node[0m
[0.174s] [ 50%] [32mBuilding CXX object CMakeFiles/cpp_node.dir/src/my_first_node.cpp.o[0m
[3.556s] [100%] [32m[1mLinking CXX executable cpp_node[0m
[3.841s] [100%] Built target cpp_node
[3.859s] Invoked command in '/home/vboxuser/ros2_ws/build/my_cpp_pkg' returned '0': CMAKE_PREFIX_PATH=/opt/ros/humble /usr/bin/cmake --build /home/vboxuser/ros2_ws/build/my_cpp_pkg -- -j6 -l6
[3.912s] Invoking command in '/home/vboxuser/ros2_ws/build/my_cpp_pkg': CMAKE_PREFIX_PATH=/opt/ros/humble /usr/bin/cmake --install /home/vboxuser/ros2_ws/build/my_cpp_pkg
[3.925s] -- Install configuration: ""
[3.926s] -- Installing: /home/vboxuser/ros2_ws/install/my_cpp_pkg/lib/my_cpp_pkg/cpp_node
[3.926s] -- Set runtime path of "/home/vboxuser/ros2_ws/install/my_cpp_pkg/lib/my_cpp_pkg/cpp_node" to ""
[3.928s] -- Up-to-date: /home/vboxuser/ros2_ws/install/my_cpp_pkg/share/ament_index/resource_index/package_run_dependencies/my_cpp_pkg
[3.928s] -- Up-to-date: /home/vboxuser/ros2_ws/install/my_cpp_pkg/share/ament_index/resource_index/parent_prefix_path/my_cpp_pkg
[3.928s] -- Up-to-date: /home/vboxuser/ros2_ws/install/my_cpp_pkg/share/my_cpp_pkg/environment/ament_prefix_path.sh
[3.928s] -- Up-to-date: /home/vboxuser/ros2_ws/install/my_cpp_pkg/share/my_cpp_pkg/environment/ament_prefix_path.dsv
[3.928s] -- Up-to-date: /home/vboxuser/ros2_ws/install/my_cpp_pkg/share/my_cpp_pkg/environment/path.sh
[3.928s] -- Up-to-date: /home/vboxuser/ros2_ws/install/my_cpp_pkg/share/my_cpp_pkg/environment/path.dsv
[3.928s] -- Up-to-date: /home/vboxuser/ros2_ws/install/my_cpp_pkg/share/my_cpp_pkg/local_setup.bash
[3.928s] -- Up-to-date: /home/vboxuser/ros2_ws/install/my_cpp_pkg/share/my_cpp_pkg/local_setup.sh
[3.928s] -- Up-to-date: /home/vboxuser/ros2_ws/install/my_cpp_pkg/share/my_cpp_pkg/local_setup.zsh
[3.928s] -- Up-to-date: /home/vboxuser/ros2_ws/install/my_cpp_pkg/share/my_cpp_pkg/local_setup.dsv
[3.928s] -- Installing: /home/vboxuser/ros2_ws/install/my_cpp_pkg/share/my_cpp_pkg/package.dsv
[3.929s] -- Up-to-date: /home/vboxuser/ros2_ws/install/my_cpp_pkg/share/ament_index/resource_index/packages/my_cpp_pkg
[3.929s] -- Up-to-date: /home/vboxuser/ros2_ws/install/my_cpp_pkg/share/my_cpp_pkg/cmake/my_cpp_pkgConfig.cmake
[3.929s] -- Up-to-date: /home/vboxuser/ros2_ws/install/my_cpp_pkg/share/my_cpp_pkg/cmake/my_cpp_pkgConfig-version.cmake
[3.929s] -- Up-to-date: /home/vboxuser/ros2_ws/install/my_cpp_pkg/share/my_cpp_pkg/package.xml
[3.933s] Invoked command in '/home/vboxuser/ros2_ws/build/my_cpp_pkg' returned '0': CMAKE_PREFIX_PATH=/opt/ros/humble /usr/bin/cmake --install /home/vboxuser/ros2_ws/build/my_cpp_pkg
