[01m[K/home/vboxuser/ros2_ws/src/my_cpp_pkg/src/add_two_ints_server.cpp:[m[K In constructor ‘[01m[KAddTwoIntsServerNode::AddTwoIntsServerNode()[m[K’:
[01m[K/home/vboxuser/ros2_ws/src/my_cpp_pkg/src/add_two_ints_server.cpp:12:40:[m[K [01;31m[Kerror: [m[K‘[01m[Kexample_interface[m[K’ was not declared in this scope; did you mean ‘[01m[Kexample_interfaces[m[K’?
   12 |         server_ = this->create_service<[01;31m[Kexample_interface[m[K::srv::AddTwoInts>("add_two_ints", std::bind(&AddTwoIntsServerNode::callbackAddTwoInts, _1, _2));
      |                                        [01;31m[K^~~~~~~~~~~~~~~~~[m[K
      |                                        [32m[Kexample_interfaces[m[K
[01m[K/home/vboxuser/ros2_ws/src/my_cpp_pkg/src/add_two_ints_server.cpp:12:25:[m[K [01;31m[Kerror: [m[Kparse error in template argument list
   12 |         server_ = this->[01;31m[Kcreate_service<example_interface::srv::AddTwoInts>[m[K("add_two_ints", std::bind(&AddTwoIntsServerNode::callbackAddTwoInts, _1, _2));
      |                         [01;31m[K^~~~~~~~~~~~~~~~~~~~~~~~~~~~~~~~~~~~~~~~~~~~~~~~~~[m[K
In file included from [01m[K/usr/include/c++/11/pstl/glue_algorithm_defs.h:13[m[K,
                 from [01m[K/usr/include/c++/11/algorithm:74[m[K,
                 from [01m[K/opt/ros/humble/include/rclcpp/rclcpp/executor.hpp:18[m[K,
                 from [01m[K/opt/ros/humble/include/rclcpp/rclcpp/executors/multi_threaded_executor.hpp:25[m[K,
                 from [01m[K/opt/ros/humble/include/rclcpp/rclcpp/executors.hpp:21[m[K,
                 from [01m[K/opt/ros/humble/include/rclcpp/rclcpp/rclcpp.hpp:155[m[K,
                 from [01m[K/home/vboxuser/ros2_ws/src/my_cpp_pkg/src/add_two_ints_server.cpp:1[m[K:
/usr/include/c++/11/functional: In instantiation of ‘[01m[Kstruct std::_Bind_check_arity<void (AddTwoIntsServerNode::*)(std::shared_ptr<example_interfaces::srv::AddTwoInts_Request_<std::allocator<void> > >, std::shared_ptr<example_interfaces::srv::AddTwoInts_Response_<std::allocator<void> > >), const std::_Placeholder<1>&, const std::_Placeholder<2>&>[m[K’:
[01m[K/usr/include/c++/11/functional:768:12:[m[K   required from ‘[01m[Kstruct std::_Bind_helper<false, void (AddTwoIntsServerNode::*)(std::shared_ptr<example_interfaces::srv::AddTwoInts_Request_<std::allocator<void> > >, std::shared_ptr<example_interfaces::srv::AddTwoInts_Response_<std::allocator<void> > >), const std::_Placeholder<1>&, const std::_Placeholder<2>&>[m[K’
[01m[K/usr/include/c++/11/functional:789:5:[m[K   required by substitution of ‘[01m[Ktemplate<class _Func, class ... _BoundArgs> typename std::_Bind_helper<std::__is_socketlike<_Func>::value, _Func, _BoundArgs ...>::type std::bind(_Func&&, _BoundArgs&& ...) [with _Func = void (AddTwoIntsServerNode::*)(std::shared_ptr<example_interfaces::srv::AddTwoInts_Request_<std::allocator<void> > >, std::shared_ptr<example_interfaces::srv::AddTwoInts_Response_<std::allocator<void> > >); _BoundArgs = {const std::_Placeholder<1>&, const std::_Placeholder<2>&}][m[K’
[01m[K/home/vboxuser/ros2_ws/src/my_cpp_pkg/src/add_two_ints_server.cpp:12:101:[m[K   required from here
[01m[K/usr/include/c++/11/functional:756:21:[m[K [01;31m[Kerror: [m[Kstatic assertion failed: Wrong number of arguments for pointer-to-member
  755 |       static_assert(_Varargs::[01;31m[Kvalue[m[K
      |                               [01;31m[K~~~~~[m[K
  756 | [01;31m[K                    ? sizeof...(_BoundArgs) >= _Arity::value + 1[m[K
      |                     [01;31m[K^~~~~~~~~~~~~~~~~~~~~~~~~~~~~~~~~~~~~~~~~~~~[m[K
  757 | [01;31m[K                    : sizeof...(_BoundArgs) == _Arity::value + 1[m[K,
      |                     [01;31m[K~~~~~~~~~~~~~~~~~~~~~~~~~~~~~~~~~~~~~~~~~~~~[m[K
[01m[K/usr/include/c++/11/functional:756:21:[m[K [01;36m[Knote: [m[K‘[01m[K(false ? (2 >= (((long unsigned int)std::integral_constant<long unsigned int, 2>::value) + 1)) : (2 == (((long unsigned int)std::integral_constant<long unsigned int, 2>::value) + 1)))[m[K’ evaluates to false
[01m[K/home/vboxuser/ros2_ws/src/my_cpp_pkg/src/add_two_ints_server.cpp:12:75:[m[K [01;31m[Kerror: [m[Kno matching function for call to ‘[01m[KAddTwoIntsServerNode::create_service<<expression error> >(const char [13], std::_Bind_helper<false, void (AddTwoIntsServerNode::*)(std::shared_ptr<example_interfaces::srv::AddTwoInts_Request_<std::allocator<void> > >, std::shared_ptr<example_interfaces::srv::AddTwoInts_Response_<std::allocator<void> > >), const std::_Placeholder<1>&, const std::_Placeholder<2>&>::type)[m[K’
   12 |         server_ = [01;31m[Kthis->create_service<example_interface::srv::AddTwoInts>("add_two_ints", std::bind(&AddTwoIntsServerNode::callbackAddTwoInts, _1, _2))[m[K;
      |                   [01;31m[K~~~~~~~~~~~~~~~~~~~~~~~~~~~~~~~~~~~~~~~~~~~~~~~~~~~~~~~~^~~~~~~~~~~~~~~~~~~~~~~~~~~~~~~~~~~~~~~~~~~~~~~~~~~~~~~~~~~~~~~~~~~~~~~~~~~~~~[m[K
In file included from [01m[K/opt/ros/humble/include/rclcpp/rclcpp/executors/single_threaded_executor.hpp:28[m[K,
                 from [01m[K/opt/ros/humble/include/rclcpp/rclcpp/executors.hpp:22[m[K,
                 from [01m[K/opt/ros/humble/include/rclcpp/rclcpp/rclcpp.hpp:155[m[K,
                 from [01m[K/home/vboxuser/ros2_ws/src/my_cpp_pkg/src/add_two_ints_server.cpp:1[m[K:
[01m[K/opt/ros/humble/include/rclcpp/rclcpp/node.hpp:267:3:[m[K [01;36m[Knote: [m[Kcandidate: ‘[01m[Ktemplate<class ServiceT, class CallbackT> typename rclcpp::Service<ServiceT>::SharedPtr rclcpp::Node::create_service(const string&, CallbackT&&, const rmw_qos_profile_t&, rclcpp::CallbackGroup::SharedPtr)[m[K’
  267 |   [01;36m[Kcreate_service[m[K(
      |   [01;36m[K^~~~~~~~~~~~~~[m[K
[01m[K/opt/ros/humble/include/rclcpp/rclcpp/node.hpp:267:3:[m[K [01;36m[Knote: [m[K  template argument deduction/substitution failed:
[01m[K/home/vboxuser/ros2_ws/src/my_cpp_pkg/src/add_two_ints_server.cpp:12:75:[m[K [01;31m[Kerror: [m[Ktemplate argument 1 is invalid
   12 |         server_ = [01;31m[Kthis->create_service<example_interface::srv::AddTwoInts>("add_two_ints", std::bind(&AddTwoIntsServerNode::callbackAddTwoInts, _1, _2))[m[K;
      |                   [01;31m[K~~~~~~~~~~~~~~~~~~~~~~~~~~~~~~~~~~~~~~~~~~~~~~~~~~~~~~~~^~~~~~~~~~~~~~~~~~~~~~~~~~~~~~~~~~~~~~~~~~~~~~~~~~~~~~~~~~~~~~~~~~~~~~~~~~~~~~[m[K
gmake[2]: *** [CMakeFiles/add_two_ints_server.dir/build.make:76: CMakeFiles/add_two_ints_server.dir/src/add_two_ints_server.cpp.o] Error 1
gmake[1]: *** [CMakeFiles/Makefile2:221: CMakeFiles/add_two_ints_server.dir/all] Error 2
gmake: *** [Makefile:146: all] Error 2
