[1.023s] Invoking command in '/home/vboxuser/ros2_ws/src/my_py_pkg': PYTHONPATH=/home/vboxuser/ros2_ws/build/my_py_pkg/prefix_override:/home/vboxuser/ros2_ws/install/my_py_pkg/lib/python3.10/site-packages:${PYTHONPATH} /usr/bin/python3 setup.py egg_info --egg-base ../../build/my_py_pkg build --build-base /home/vboxuser/ros2_ws/build/my_py_pkg/build install --record /home/vboxuser/ros2_ws/build/my_py_pkg/install.log --single-version-externally-managed
[1.311s] running egg_info
[1.313s] writing ../../build/my_py_pkg/my_py_pkg.egg-info/PKG-INFO
[1.313s] writing dependency_links to ../../build/my_py_pkg/my_py_pkg.egg-info/dependency_links.txt
[1.313s] writing entry points to ../../build/my_py_pkg/my_py_pkg.egg-info/entry_points.txt
[1.314s] writing requirements to ../../build/my_py_pkg/my_py_pkg.egg-info/requires.txt
[1.314s] writing top-level names to ../../build/my_py_pkg/my_py_pkg.egg-info/top_level.txt
[1.317s] reading manifest file '../../build/my_py_pkg/my_py_pkg.egg-info/SOURCES.txt'
[1.318s] writing manifest file '../../build/my_py_pkg/my_py_pkg.egg-info/SOURCES.txt'
[1.318s] running build
[1.318s] running build_py
[1.318s] running install
[1.319s] /usr/lib/python3/dist-packages/setuptools/command/install.py:34: SetuptoolsDeprecationWarning: setup.py install is deprecated. Use build and pip and other standards-based tools.
[1.319s]   warnings.warn(
[1.319s] running install_lib
[1.320s] running install_data
[1.321s] running install_egg_info
[1.323s] removing '/home/vboxuser/ros2_ws/install/my_py_pkg/lib/python3.10/site-packages/my_py_pkg-0.0.0-py3.10.egg-info' (and everything under it)
[1.324s] Copying ../../build/my_py_pkg/my_py_pkg.egg-info to /home/vboxuser/ros2_ws/install/my_py_pkg/lib/python3.10/site-packages/my_py_pkg-0.0.0-py3.10.egg-info
[1.325s] running install_scripts
[1.355s] writing list of installed files to '/home/vboxuser/ros2_ws/build/my_py_pkg/install.log'
[1.396s] Invoked command in '/home/vboxuser/ros2_ws/src/my_py_pkg' returned '0': PYTHONPATH=/home/vboxuser/ros2_ws/build/my_py_pkg/prefix_override:/home/vboxuser/ros2_ws/install/my_py_pkg/lib/python3.10/site-packages:${PYTHONPATH} /usr/bin/python3 setup.py egg_info --egg-base ../../build/my_py_pkg build --build-base /home/vboxuser/ros2_ws/build/my_py_pkg/build install --record /home/vboxuser/ros2_ws/build/my_py_pkg/install.log --single-version-externally-managed
