[0.924s] Invoking command in '/home/vboxuser/ros2_ws/build/my_py_pkg': PYTHONPATH=/home/vboxuser/ros2_ws/build/my_py_pkg/prefix_override:/home/vboxuser/ros2_ws/install/my_py_pkg/lib/python3.10/site-packages:${PYTHONPATH} /usr/bin/python3 setup.py develop --editable --build-directory /home/vboxuser/ros2_ws/build/my_py_pkg/build --no-deps install_data
[1.215s] running develop
[1.215s] /usr/lib/python3/dist-packages/setuptools/command/easy_install.py:158: EasyInstallDeprecationWarning: easy_install command is deprecated. Use build and pip and other standards-based tools.
[1.215s]   warnings.warn(
[1.216s] /usr/lib/python3/dist-packages/setuptools/command/install.py:34: SetuptoolsDeprecationWarning: setup.py install is deprecated. Use build and pip and other standards-based tools.
[1.216s]   warnings.warn(
[1.396s] running egg_info
[1.397s] writing my_py_pkg.egg-info/PKG-INFO
[1.397s] writing dependency_links to my_py_pkg.egg-info/dependency_links.txt
[1.398s] writing entry points to my_py_pkg.egg-info/entry_points.txt
[1.399s] writing requirements to my_py_pkg.egg-info/requires.txt
[1.399s] writing top-level names to my_py_pkg.egg-info/top_level.txt
[1.400s] reading manifest file 'my_py_pkg.egg-info/SOURCES.txt'
[1.401s] writing manifest file 'my_py_pkg.egg-info/SOURCES.txt'
[1.403s] running build_ext
[1.403s] Creating /home/vboxuser/ros2_ws/install/my_py_pkg/lib/python3.10/site-packages/my-py-pkg.egg-link (link to .)
[1.405s] Installing py_node script to /home/vboxuser/ros2_ws/install/my_py_pkg/lib/my_py_pkg
[1.406s] 
[1.406s] Installed /home/vboxuser/ros2_ws/build/my_py_pkg
[1.406s] running install_data
[1.451s] Invoked command in '/home/vboxuser/ros2_ws/build/my_py_pkg' returned '0': PYTHONPATH=/home/vboxuser/ros2_ws/build/my_py_pkg/prefix_override:/home/vboxuser/ros2_ws/install/my_py_pkg/lib/python3.10/site-packages:${PYTHONPATH} /usr/bin/python3 setup.py develop --editable --build-directory /home/vboxuser/ros2_ws/build/my_py_pkg/build --no-deps install_data
