[0.862s] Invoking command in '/home/vboxuser/ros2_ws/build/my_py_pkg': PYTHONPATH=/home/vboxuser/ros2_ws/build/my_py_pkg/prefix_override:/home/vboxuser/ros2_ws/install/my_py_pkg/lib/python3.10/site-packages:${PYTHONPATH} /usr/bin/python3 setup.py develop --editable --build-directory /home/vboxuser/ros2_ws/build/my_py_pkg/build --no-deps install_data
[1.156s] running develop
[1.157s] /usr/lib/python3/dist-packages/setuptools/command/easy_install.py:158: EasyInstallDeprecationWarning: easy_install command is deprecated. Use build and pip and other standards-based tools.
[1.157s]   warnings.warn(
[1.158s] /usr/lib/python3/dist-packages/setuptools/command/install.py:34: SetuptoolsDeprecationWarning: setup.py install is deprecated. Use build and pip and other standards-based tools.
[1.158s]   warnings.warn(
[1.332s] running egg_info
[1.332s] writing my_py_pkg.egg-info/PKG-INFO
[1.333s] writing dependency_links to my_py_pkg.egg-info/dependency_links.txt
[1.333s] writing entry points to my_py_pkg.egg-info/entry_points.txt
[1.333s] writing requirements to my_py_pkg.egg-info/requires.txt
[1.334s] writing top-level names to my_py_pkg.egg-info/top_level.txt
[1.335s] reading manifest file 'my_py_pkg.egg-info/SOURCES.txt'
[1.336s] writing manifest file 'my_py_pkg.egg-info/SOURCES.txt'
[1.338s] running build_ext
[1.338s] Creating /home/vboxuser/ros2_ws/install/my_py_pkg/lib/python3.10/site-packages/my-py-pkg.egg-link (link to .)
[1.339s] Installing py_node script to /home/vboxuser/ros2_ws/install/my_py_pkg/lib/my_py_pkg
[1.340s] 
[1.340s] Installed /home/vboxuser/ros2_ws/build/my_py_pkg
[1.340s] running install_data
[1.392s] Invoked command in '/home/vboxuser/ros2_ws/build/my_py_pkg' returned '0': PYTHONPATH=/home/vboxuser/ros2_ws/build/my_py_pkg/prefix_override:/home/vboxuser/ros2_ws/install/my_py_pkg/lib/python3.10/site-packages:${PYTHONPATH} /usr/bin/python3 setup.py develop --editable --build-directory /home/vboxuser/ros2_ws/build/my_py_pkg/build --no-deps install_data
