[0.093s] Invoking command in '/home/vboxuser/ros2_ws/build/my_cpp_pkg': CMAKE_PREFIX_PATH=${CMAKE_PREFIX_PATH}:/home/vboxuser/ros2_ws/install/my_py_pkg:/home/vboxuser/install/my_py_pkg:/opt/ros/humble /usr/bin/cmake --build /home/vboxuser/ros2_ws/build/my_cpp_pkg -- -j6 -l6
[0.159s] [35m[1mConsolidate compiler generated dependencies of target add_two_ints_server[0m
[0.159s] [35m[1mConsolidate compiler generated dependencies of target add_two_ints_client_no_oop[0m
[0.173s] [ 30%] Built target smartphone
[0.173s] [ 40%] Built target robot_news_station
[0.184s] [ 60%] Built target add_two_ints_server
[0.187s] [ 80%] Built target cpp_node
[0.191s] [ 90%] [32mBuilding CXX object CMakeFiles/add_two_ints_client_no_oop.dir/src/add_two_ints_client_no_oop.cpp.o[0m
[2.846s] [01m[K/home/vboxuser/ros2_ws/src/my_cpp_pkg/src/add_two_ints_client_no_oop.cpp:[m[K In function ‘[01m[Kint main(int, char**)[m[K’:
[2.846s] [01m[K/home/vboxuser/ros2_ws/src/my_cpp_pkg/src/add_two_ints_client_no_oop.cpp:12:5:[m[K [01;31m[Kerror: [m[Kexpected ‘[01m[K;[m[K’ before ‘[01m[K}[m[K’ token
[2.846s]    12 |     [01;31m[K}[m[K
[2.846s]       |     [01;31m[K^[m[K
[2.849s] [01m[K/home/vboxuser/ros2_ws/src/my_cpp_pkg/src/add_two_ints_client_no_oop.cpp:18:65:[m[K [01;31m[Kerror: [m[K‘[01m[Krclcpp::executor[m[K’ has not been declared
[2.849s]    18 |     if(rclcpp::spin_until_future_complete(node,future)==rclcpp::[01;31m[Kexecutor[m[K::FutureReturnCode::SUCCESS)
[2.849s]       |                                                                 [01;31m[K^~~~~~~~[m[K
[2.849s] [01m[K/home/vboxuser/ros2_ws/src/my_cpp_pkg/src/add_two_ints_client_no_oop.cpp:20:21:[m[K [01;31m[Kerror: [m[Kinvalid use of ‘[01m[Kthis[m[K’ in non-member function
[2.849s]    20 |         RCLCPP_INFP([01;31m[Kthis[m[K->get_logger(),"%ld + %ld = %ld",request->a,request->b, future.get()->sum);
[2.849s]       |                     [01;31m[K^~~~[m[K
[2.856s] [01m[K/home/vboxuser/ros2_ws/src/my_cpp_pkg/src/add_two_ints_client_no_oop.cpp:20:9:[m[K [01;31m[Kerror: [m[K‘[01m[KRCLCPP_INFP[m[K’ was not declared in this scope; did you mean ‘[01m[KRCLCPP_INFO[m[K’?
[2.857s]    20 |         [01;31m[KRCLCPP_INFP[m[K(this->get_logger(),"%ld + %ld = %ld",request->a,request->b, future.get()->sum);
[2.857s]       |         [01;31m[K^~~~~~~~~~~[m[K
[2.857s]       |         [32m[KRCLCPP_INFO[m[K
[2.857s] In file included from [01m[K/opt/ros/humble/include/rclcpp/rclcpp/client.hpp:40[m[K,
[2.858s]                  from [01m[K/opt/ros/humble/include/rclcpp/rclcpp/callback_group.hpp:24[m[K,
[2.858s]                  from [01m[K/opt/ros/humble/include/rclcpp/rclcpp/any_executable.hpp:20[m[K,
[2.858s]                  from [01m[K/opt/ros/humble/include/rclcpp/rclcpp/memory_strategy.hpp:25[m[K,
[2.858s]                  from [01m[K/opt/ros/humble/include/rclcpp/rclcpp/memory_strategies.hpp:18[m[K,
[2.858s]                  from [01m[K/opt/ros/humble/include/rclcpp/rclcpp/executor_options.hpp:20[m[K,
[2.858s]                  from [01m[K/opt/ros/humble/include/rclcpp/rclcpp/executor.hpp:37[m[K,
[2.858s]                  from [01m[K/opt/ros/humble/include/rclcpp/rclcpp/executors/multi_threaded_executor.hpp:25[m[K,
[2.858s]                  from [01m[K/opt/ros/humble/include/rclcpp/rclcpp/executors.hpp:21[m[K,
[2.858s]                  from [01m[K/opt/ros/humble/include/rclcpp/rclcpp/rclcpp.hpp:155[m[K,
[2.859s]                  from [01m[K/home/vboxuser/ros2_ws/src/my_cpp_pkg/src/add_two_ints_client_no_oop.cpp:1[m[K:
[2.859s] [01m[K/home/vboxuser/ros2_ws/src/my_cpp_pkg/src/add_two_ints_client_no_oop.cpp:25:22:[m[K [01;31m[Kerror: [m[Kinvalid use of ‘[01m[Kthis[m[K’ in non-member function
[2.859s]    25 |         RCLCPP_ERROR([01;31m[Kthis[m[K->get_logger(),"Error While Calling service");
[2.859s]       |                      [01;31m[K^~~~[m[K
[2.859s] [01m[K/home/vboxuser/ros2_ws/src/my_cpp_pkg/src/add_two_ints_client_no_oop.cpp:25:22:[m[K [01;31m[Kerror: [m[Kinvalid use of ‘[01m[Kthis[m[K’ in non-member function
[2.859s] [01m[K/home/vboxuser/ros2_ws/src/my_cpp_pkg/src/add_two_ints_client_no_oop.cpp:25:9:[m[K [01;31m[Kerror: [m[Ktemplate argument 1 is invalid
[2.859s]    25 |         [01;31m[KRCLCPP_ERROR[m[K(this->get_logger(),"Error While Calling service");
[2.859s]       |         [01;31m[K^~~~~~~~~~~~[m[K
[2.859s] [01m[K/home/vboxuser/ros2_ws/src/my_cpp_pkg/src/add_two_ints_client_no_oop.cpp:25:9:[m[K [01;31m[Kerror: [m[K‘[01m[K<declaration error>[m[K’ is not a template [[01;31m[K]8;;https://gcc.gnu.org/onlinedocs/gcc/Warning-Options.html#index-fpermissive-fpermissive]8;;[m[K]
[2.859s]    25 |         [01;31m[KRCLCPP_ERROR[m[K(this->get_logger(),"Error While Calling service");
[2.859s]       |         [01;31m[K^~~~~~~~~~~~[m[K
[2.859s] [01m[K/home/vboxuser/ros2_ws/src/my_cpp_pkg/src/add_two_ints_client_no_oop.cpp:25:9:[m[K [01;31m[Kerror: [m[Ktemplate argument 1 is invalid
[2.859s]    25 |         [01;31m[KRCLCPP_ERROR[m[K(this->get_logger(),"Error While Calling service");
[2.860s]       |         [01;31m[K^~~~~~~~~~~~[m[K
[2.860s] [01m[K/home/vboxuser/ros2_ws/src/my_cpp_pkg/src/add_two_ints_client_no_oop.cpp:25:9:[m[K [01;31m[Kerror: [m[K‘[01m[K<declaration error>[m[K’ is not a template [[01;31m[K]8;;https://gcc.gnu.org/onlinedocs/gcc/Warning-Options.html#index-fpermissive-fpermissive]8;;[m[K]
[2.860s]    25 |         [01;31m[KRCLCPP_ERROR[m[K(this->get_logger(),"Error While Calling service");
[2.860s]       |         [01;31m[K^~~~~~~~~~~~[m[K
[2.860s] [01m[K/home/vboxuser/ros2_ws/src/my_cpp_pkg/src/add_two_ints_client_no_oop.cpp:25:9:[m[K [01;31m[Kerror: [m[Ktemplate argument 1 is invalid
[2.860s]    25 |         [01;31m[KRCLCPP_ERROR[m[K(this->get_logger(),"Error While Calling service");
[2.860s]       |         [01;31m[K^~~~~~~~~~~~[m[K
[2.860s] In file included from [01m[K/opt/ros/humble/include/rclcpp/rclcpp/logging.hpp:24[m[K,
[2.860s]                  from [01m[K/opt/ros/humble/include/rclcpp/rclcpp/client.hpp:40[m[K,
[2.860s]                  from [01m[K/opt/ros/humble/include/rclcpp/rclcpp/callback_group.hpp:24[m[K,
[2.860s]                  from [01m[K/opt/ros/humble/include/rclcpp/rclcpp/any_executable.hpp:20[m[K,
[2.860s]                  from [01m[K/opt/ros/humble/include/rclcpp/rclcpp/memory_strategy.hpp:25[m[K,
[2.860s]                  from [01m[K/opt/ros/humble/include/rclcpp/rclcpp/memory_strategies.hpp:18[m[K,
[2.860s]                  from [01m[K/opt/ros/humble/include/rclcpp/rclcpp/executor_options.hpp:20[m[K,
[2.861s]                  from [01m[K/opt/ros/humble/include/rclcpp/rclcpp/executor.hpp:37[m[K,
[2.861s]                  from [01m[K/opt/ros/humble/include/rclcpp/rclcpp/executors/multi_threaded_executor.hpp:25[m[K,
[2.861s]                  from [01m[K/opt/ros/humble/include/rclcpp/rclcpp/executors.hpp:21[m[K,
[2.861s]                  from [01m[K/opt/ros/humble/include/rclcpp/rclcpp/rclcpp.hpp:155[m[K,
[2.861s]                  from [01m[K/home/vboxuser/ros2_ws/src/my_cpp_pkg/src/add_two_ints_client_no_oop.cpp:1[m[K:
[2.861s] [01m[K/home/vboxuser/ros2_ws/src/my_cpp_pkg/src/add_two_ints_client_no_oop.cpp:25:22:[m[K [01;31m[Kerror: [m[Kinvalid use of ‘[01m[Kthis[m[K’ in non-member function
[2.861s]    25 |         RCLCPP_ERROR([01;31m[Kthis[m[K->get_logger(),"Error While Calling service");
[2.861s]       |                      [01;31m[K^~~~[m[K
[2.861s] [01m[K/home/vboxuser/ros2_ws/src/my_cpp_pkg/src/add_two_ints_client_no_oop.cpp:25:22:[m[K [01;31m[Kerror: [m[Kinvalid use of ‘[01m[Kthis[m[K’ in non-member function
[2.861s]    25 |         RCLCPP_ERROR([01;31m[Kthis[m[K->get_logger(),"Error While Calling service");
[2.861s]       |                      [01;31m[K^~~~[m[K
[3.526s] gmake[2]: *** [CMakeFiles/add_two_ints_client_no_oop.dir/build.make:76: CMakeFiles/add_two_ints_client_no_oop.dir/src/add_two_ints_client_no_oop.cpp.o] Error 1
[3.527s] gmake[1]: *** [CMakeFiles/Makefile2:249: CMakeFiles/add_two_ints_client_no_oop.dir/all] Error 2
[3.527s] gmake: *** [Makefile:146: all] Error 2
[3.530s] Invoked command in '/home/vboxuser/ros2_ws/build/my_cpp_pkg' returned '2': CMAKE_PREFIX_PATH=${CMAKE_PREFIX_PATH}:/home/vboxuser/ros2_ws/install/my_py_pkg:/home/vboxuser/install/my_py_pkg:/opt/ros/humble /usr/bin/cmake --build /home/vboxuser/ros2_ws/build/my_cpp_pkg -- -j6 -l6
