[0.094s] Invoking command in '/home/vboxuser/ros2_ws/build/my_cpp_pkg': CMAKE_PREFIX_PATH=${CMAKE_PREFIX_PATH}:/home/vboxuser/ros2_ws/install/my_py_pkg:/opt/ros/humble /usr/bin/cmake --build /home/vboxuser/ros2_ws/build/my_cpp_pkg -- -j6 -l6
[0.148s] [35m[1mConsolidate compiler generated dependencies of target robot_news_station[0m
[0.167s] [ 50%] Built target cpp_node
[0.181s] [ 75%] [32mBuilding CXX object CMakeFiles/robot_news_station.dir/src/robot_news_station.cpp.o[0m
[5.234s] [100%] [32m[1mLinking CXX executable robot_news_station[0m
[5.684s] [100%] Built target robot_news_station
[5.699s] Invoked command in '/home/vboxuser/ros2_ws/build/my_cpp_pkg' returned '0': CMAKE_PREFIX_PATH=${CMAKE_PREFIX_PATH}:/home/vboxuser/ros2_ws/install/my_py_pkg:/opt/ros/humble /usr/bin/cmake --build /home/vboxuser/ros2_ws/build/my_cpp_pkg -- -j6 -l6
[5.757s] Invoking command in '/home/vboxuser/ros2_ws/build/my_cpp_pkg': CMAKE_PREFIX_PATH=${CMAKE_PREFIX_PATH}:/home/vboxuser/ros2_ws/install/my_py_pkg:/opt/ros/humble /usr/bin/cmake --install /home/vboxuser/ros2_ws/build/my_cpp_pkg
[5.765s] -- Install configuration: ""
[5.765s] -- Up-to-date: /home/vboxuser/ros2_ws/install/my_cpp_pkg/lib/my_cpp_pkg/cpp_node
[5.765s] -- Installing: /home/vboxuser/ros2_ws/install/my_cpp_pkg/lib/my_cpp_pkg/robot_news_station
[5.768s] -- Set runtime path of "/home/vboxuser/ros2_ws/install/my_cpp_pkg/lib/my_cpp_pkg/robot_news_station" to ""
[5.768s] -- Installing: /home/vboxuser/ros2_ws/install/my_cpp_pkg/share/ament_index/resource_index/package_run_dependencies/my_cpp_pkg
[5.768s] -- Installing: /home/vboxuser/ros2_ws/install/my_cpp_pkg/share/ament_index/resource_index/parent_prefix_path/my_cpp_pkg
[5.768s] -- Up-to-date: /home/vboxuser/ros2_ws/install/my_cpp_pkg/share/my_cpp_pkg/environment/ament_prefix_path.sh
[5.768s] -- Installing: /home/vboxuser/ros2_ws/install/my_cpp_pkg/share/my_cpp_pkg/environment/ament_prefix_path.dsv
[5.768s] -- Up-to-date: /home/vboxuser/ros2_ws/install/my_cpp_pkg/share/my_cpp_pkg/environment/path.sh
[5.768s] -- Installing: /home/vboxuser/ros2_ws/install/my_cpp_pkg/share/my_cpp_pkg/environment/path.dsv
[5.768s] -- Up-to-date: /home/vboxuser/ros2_ws/install/my_cpp_pkg/share/my_cpp_pkg/local_setup.bash
[5.768s] -- Up-to-date: /home/vboxuser/ros2_ws/install/my_cpp_pkg/share/my_cpp_pkg/local_setup.sh
[5.769s] -- Up-to-date: /home/vboxuser/ros2_ws/install/my_cpp_pkg/share/my_cpp_pkg/local_setup.zsh
[5.769s] -- Installing: /home/vboxuser/ros2_ws/install/my_cpp_pkg/share/my_cpp_pkg/local_setup.dsv
[5.769s] -- Installing: /home/vboxuser/ros2_ws/install/my_cpp_pkg/share/my_cpp_pkg/package.dsv
[5.769s] -- Up-to-date: /home/vboxuser/ros2_ws/install/my_cpp_pkg/share/ament_index/resource_index/packages/my_cpp_pkg
[5.769s] -- Up-to-date: /home/vboxuser/ros2_ws/install/my_cpp_pkg/share/my_cpp_pkg/cmake/my_cpp_pkgConfig.cmake
[5.769s] -- Up-to-date: /home/vboxuser/ros2_ws/install/my_cpp_pkg/share/my_cpp_pkg/cmake/my_cpp_pkgConfig-version.cmake
[5.769s] -- Installing: /home/vboxuser/ros2_ws/install/my_cpp_pkg/share/my_cpp_pkg/package.xml
[5.773s] Invoked command in '/home/vboxuser/ros2_ws/build/my_cpp_pkg' returned '0': CMAKE_PREFIX_PATH=${CMAKE_PREFIX_PATH}:/home/vboxuser/ros2_ws/install/my_py_pkg:/opt/ros/humble /usr/bin/cmake --install /home/vboxuser/ros2_ws/build/my_cpp_pkg
