[0.088s] Invoking command in '/home/vboxuser/ros2_ws/build/my_cpp_pkg': CMAKE_PREFIX_PATH=/opt/ros/humble /usr/bin/cmake --build /home/vboxuser/ros2_ws/build/my_cpp_pkg -- -j6 -l6
[0.153s] [ 50%] [32mBuilding CXX object CMakeFiles/cpp_node.dir/src/my_first_node.cpp.o[0m
[3.437s] [100%] [32m[1mLinking CXX executable cpp_node[0m
[3.671s] [100%] Built target cpp_node
[3.686s] Invoked command in '/home/vboxuser/ros2_ws/build/my_cpp_pkg' returned '0': CMAKE_PREFIX_PATH=/opt/ros/humble /usr/bin/cmake --build /home/vboxuser/ros2_ws/build/my_cpp_pkg -- -j6 -l6
[3.727s] Invoking command in '/home/vboxuser/ros2_ws/build/my_cpp_pkg': CMAKE_PREFIX_PATH=/opt/ros/humble /usr/bin/cmake --install /home/vboxuser/ros2_ws/build/my_cpp_pkg
[3.738s] -- Install configuration: ""
[3.738s] -- Installing: /home/vboxuser/ros2_ws/install/my_cpp_pkg/lib/my_cpp_pkg/cpp_node
[3.738s] -- Set runtime path of "/home/vboxuser/ros2_ws/install/my_cpp_pkg/lib/my_cpp_pkg/cpp_node" to ""
[3.738s] -- Up-to-date: /home/vboxuser/ros2_ws/install/my_cpp_pkg/share/ament_index/resource_index/package_run_dependencies/my_cpp_pkg
[3.738s] -- Up-to-date: /home/vboxuser/ros2_ws/install/my_cpp_pkg/share/ament_index/resource_index/parent_prefix_path/my_cpp_pkg
[3.738s] -- Up-to-date: /home/vboxuser/ros2_ws/install/my_cpp_pkg/share/my_cpp_pkg/environment/ament_prefix_path.sh
[3.739s] -- Installing: /home/vboxuser/ros2_ws/install/my_cpp_pkg/share/my_cpp_pkg/environment/ament_prefix_path.dsv
[3.739s] -- Up-to-date: /home/vboxuser/ros2_ws/install/my_cpp_pkg/share/my_cpp_pkg/environment/path.sh
[3.739s] -- Installing: /home/vboxuser/ros2_ws/install/my_cpp_pkg/share/my_cpp_pkg/environment/path.dsv
[3.739s] -- Up-to-date: /home/vboxuser/ros2_ws/install/my_cpp_pkg/share/my_cpp_pkg/local_setup.bash
[3.739s] -- Up-to-date: /home/vboxuser/ros2_ws/install/my_cpp_pkg/share/my_cpp_pkg/local_setup.sh
[3.739s] -- Up-to-date: /home/vboxuser/ros2_ws/install/my_cpp_pkg/share/my_cpp_pkg/local_setup.zsh
[3.740s] -- Installing: /home/vboxuser/ros2_ws/install/my_cpp_pkg/share/my_cpp_pkg/local_setup.dsv
[3.740s] -- Up-to-date: /home/vboxuser/ros2_ws/install/my_cpp_pkg/share/my_cpp_pkg/package.dsv
[3.740s] -- Up-to-date: /home/vboxuser/ros2_ws/install/my_cpp_pkg/share/ament_index/resource_index/packages/my_cpp_pkg
[3.740s] -- Up-to-date: /home/vboxuser/ros2_ws/install/my_cpp_pkg/share/my_cpp_pkg/cmake/my_cpp_pkgConfig.cmake
[3.740s] -- Up-to-date: /home/vboxuser/ros2_ws/install/my_cpp_pkg/share/my_cpp_pkg/cmake/my_cpp_pkgConfig-version.cmake
[3.741s] -- Up-to-date: /home/vboxuser/ros2_ws/install/my_cpp_pkg/share/my_cpp_pkg/package.xml
[3.741s] Invoked command in '/home/vboxuser/ros2_ws/build/my_cpp_pkg' returned '0': CMAKE_PREFIX_PATH=/opt/ros/humble /usr/bin/cmake --install /home/vboxuser/ros2_ws/build/my_cpp_pkg
