[0.928s] Invoking command in '/home/vboxuser/ros2_ws/src/my_py_pkg': PYTHONPATH=/home/vboxuser/ros2_ws/build/my_py_pkg/prefix_override:/home/vboxuser/ros2_ws/install/my_py_pkg/lib/python3.10/site-packages:${PYTHONPATH} /usr/bin/python3 setup.py egg_info --egg-base ../../build/my_py_pkg build --build-base /home/vboxuser/ros2_ws/build/my_py_pkg/build install --record /home/vboxuser/ros2_ws/build/my_py_pkg/install.log --single-version-externally-managed
[1.185s] running egg_info
[1.186s] creating ../../build/my_py_pkg/my_py_pkg.egg-info
[1.186s] writing ../../build/my_py_pkg/my_py_pkg.egg-info/PKG-INFO
[1.186s] writing dependency_links to ../../build/my_py_pkg/my_py_pkg.egg-info/dependency_links.txt
[1.187s] writing entry points to ../../build/my_py_pkg/my_py_pkg.egg-info/entry_points.txt
[1.187s] writing requirements to ../../build/my_py_pkg/my_py_pkg.egg-info/requires.txt
[1.187s] writing top-level names to ../../build/my_py_pkg/my_py_pkg.egg-info/top_level.txt
[1.187s] writing manifest file '../../build/my_py_pkg/my_py_pkg.egg-info/SOURCES.txt'
[1.190s] reading manifest file '../../build/my_py_pkg/my_py_pkg.egg-info/SOURCES.txt'
[1.190s] writing manifest file '../../build/my_py_pkg/my_py_pkg.egg-info/SOURCES.txt'
[1.190s] running build
[1.191s] running build_py
[1.191s] creating /home/vboxuser/ros2_ws/build/my_py_pkg/build
[1.191s] creating /home/vboxuser/ros2_ws/build/my_py_pkg/build/lib
[1.191s] creating /home/vboxuser/ros2_ws/build/my_py_pkg/build/lib/my_py_pkg
[1.192s] copying my_py_pkg/__init__.py -> /home/vboxuser/ros2_ws/build/my_py_pkg/build/lib/my_py_pkg
[1.192s] running install
[1.192s] /usr/lib/python3/dist-packages/setuptools/command/install.py:34: SetuptoolsDeprecationWarning: setup.py install is deprecated. Use build and pip and other standards-based tools.
[1.192s]   warnings.warn(
[1.192s] running install_lib
[1.192s] creating /home/vboxuser/ros2_ws/install/my_py_pkg/lib/python3.10/site-packages/my_py_pkg
[1.193s] copying /home/vboxuser/ros2_ws/build/my_py_pkg/build/lib/my_py_pkg/__init__.py -> /home/vboxuser/ros2_ws/install/my_py_pkg/lib/python3.10/site-packages/my_py_pkg
[1.193s] byte-compiling /home/vboxuser/ros2_ws/install/my_py_pkg/lib/python3.10/site-packages/my_py_pkg/__init__.py to __init__.cpython-310.pyc
[1.193s] running install_data
[1.194s] creating /home/vboxuser/ros2_ws/install/my_py_pkg/share/ament_index
[1.194s] creating /home/vboxuser/ros2_ws/install/my_py_pkg/share/ament_index/resource_index
[1.194s] creating /home/vboxuser/ros2_ws/install/my_py_pkg/share/ament_index/resource_index/packages
[1.194s] copying resource/my_py_pkg -> /home/vboxuser/ros2_ws/install/my_py_pkg/share/ament_index/resource_index/packages
[1.194s] copying package.xml -> /home/vboxuser/ros2_ws/install/my_py_pkg/share/my_py_pkg
[1.195s] running install_egg_info
[1.196s] Copying ../../build/my_py_pkg/my_py_pkg.egg-info to /home/vboxuser/ros2_ws/install/my_py_pkg/lib/python3.10/site-packages/my_py_pkg-0.0.0-py3.10.egg-info
[1.197s] running install_scripts
[1.221s] writing list of installed files to '/home/vboxuser/ros2_ws/build/my_py_pkg/install.log'
[1.256s] Invoked command in '/home/vboxuser/ros2_ws/src/my_py_pkg' returned '0': PYTHONPATH=/home/vboxuser/ros2_ws/build/my_py_pkg/prefix_override:/home/vboxuser/ros2_ws/install/my_py_pkg/lib/python3.10/site-packages:${PYTHONPATH} /usr/bin/python3 setup.py egg_info --egg-base ../../build/my_py_pkg build --build-base /home/vboxuser/ros2_ws/build/my_py_pkg/build install --record /home/vboxuser/ros2_ws/build/my_py_pkg/install.log --single-version-externally-managed
