[0.949s] Invoking command in '/home/vboxuser/ros2_ws/build/my_py_pkg': PYTHONPATH=/home/vboxuser/ros2_ws/build/my_py_pkg/prefix_override:/home/vboxuser/ros2_ws/install/my_py_pkg/lib/python3.10/site-packages:${PYTHONPATH} /usr/bin/python3 setup.py develop --editable --build-directory /home/vboxuser/ros2_ws/build/my_py_pkg/build --no-deps install_data
[1.240s] running develop
[1.241s] /usr/lib/python3/dist-packages/setuptools/command/easy_install.py:158: EasyInstallDeprecationWarning: easy_install command is deprecated. Use build and pip and other standards-based tools.
[1.242s]   warnings.warn(
[1.243s] /usr/lib/python3/dist-packages/setuptools/command/install.py:34: SetuptoolsDeprecationWarning: setup.py install is deprecated. Use build and pip and other standards-based tools.
[1.243s]   warnings.warn(
[1.414s] running egg_info
[1.414s] writing my_py_pkg.egg-info/PKG-INFO
[1.414s] writing dependency_links to my_py_pkg.egg-info/dependency_links.txt
[1.415s] writing entry points to my_py_pkg.egg-info/entry_points.txt
[1.415s] writing requirements to my_py_pkg.egg-info/requires.txt
[1.415s] writing top-level names to my_py_pkg.egg-info/top_level.txt
[1.417s] reading manifest file 'my_py_pkg.egg-info/SOURCES.txt'
[1.418s] writing manifest file 'my_py_pkg.egg-info/SOURCES.txt'
[1.420s] running build_ext
[1.420s] Creating /home/vboxuser/ros2_ws/install/my_py_pkg/lib/python3.10/site-packages/my-py-pkg.egg-link (link to .)
[1.421s] Installing py_node script to /home/vboxuser/ros2_ws/install/my_py_pkg/lib/my_py_pkg
[1.421s] 
[1.421s] Installed /home/vboxuser/ros2_ws/build/my_py_pkg
[1.421s] running install_data
[1.466s] Invoked command in '/home/vboxuser/ros2_ws/build/my_py_pkg' returned '0': PYTHONPATH=/home/vboxuser/ros2_ws/build/my_py_pkg/prefix_override:/home/vboxuser/ros2_ws/install/my_py_pkg/lib/python3.10/site-packages:${PYTHONPATH} /usr/bin/python3 setup.py develop --editable --build-directory /home/vboxuser/ros2_ws/build/my_py_pkg/build --no-deps install_data
