[0.887s] Invoking command in '/home/vboxuser/ros2_ws/src/my_py_pkg': PYTHONPATH=/home/vboxuser/ros2_ws/build/my_py_pkg/prefix_override:/home/vboxuser/ros2_ws/install/my_py_pkg/lib/python3.10/site-packages:${PYTHONPATH} /usr/bin/python3 setup.py egg_info --egg-base ../../build/my_py_pkg build --build-base /home/vboxuser/ros2_ws/build/my_py_pkg/build install --record /home/vboxuser/ros2_ws/build/my_py_pkg/install.log --single-version-externally-managed
[1.152s] running egg_info
[1.153s] writing ../../build/my_py_pkg/my_py_pkg.egg-info/PKG-INFO
[1.153s] writing dependency_links to ../../build/my_py_pkg/my_py_pkg.egg-info/dependency_links.txt
[1.154s] writing entry points to ../../build/my_py_pkg/my_py_pkg.egg-info/entry_points.txt
[1.154s] writing requirements to ../../build/my_py_pkg/my_py_pkg.egg-info/requires.txt
[1.154s] writing top-level names to ../../build/my_py_pkg/my_py_pkg.egg-info/top_level.txt
[1.156s] reading manifest file '../../build/my_py_pkg/my_py_pkg.egg-info/SOURCES.txt'
[1.157s] writing manifest file '../../build/my_py_pkg/my_py_pkg.egg-info/SOURCES.txt'
[1.158s] running build
[1.158s] running build_py
[1.158s] copying my_py_pkg/number_publisher.py -> /home/vboxuser/ros2_ws/build/my_py_pkg/build/lib/my_py_pkg
[1.158s] running install
[1.159s] /usr/lib/python3/dist-packages/setuptools/command/install.py:34: SetuptoolsDeprecationWarning: setup.py install is deprecated. Use build and pip and other standards-based tools.
[1.159s]   warnings.warn(
[1.159s] running install_lib
[1.160s] copying /home/vboxuser/ros2_ws/build/my_py_pkg/build/lib/my_py_pkg/number_publisher.py -> /home/vboxuser/ros2_ws/install/my_py_pkg/lib/python3.10/site-packages/my_py_pkg
[1.160s] byte-compiling /home/vboxuser/ros2_ws/install/my_py_pkg/lib/python3.10/site-packages/my_py_pkg/number_publisher.py to number_publisher.cpython-310.pyc
[1.161s] running install_data
[1.162s] running install_egg_info
[1.163s] removing '/home/vboxuser/ros2_ws/install/my_py_pkg/lib/python3.10/site-packages/my_py_pkg-0.0.0-py3.10.egg-info' (and everything under it)
[1.164s] Copying ../../build/my_py_pkg/my_py_pkg.egg-info to /home/vboxuser/ros2_ws/install/my_py_pkg/lib/python3.10/site-packages/my_py_pkg-0.0.0-py3.10.egg-info
[1.165s] running install_scripts
[1.189s] Installing number_publisher script to /home/vboxuser/ros2_ws/install/my_py_pkg/lib/my_py_pkg
[1.189s] Installing py_node script to /home/vboxuser/ros2_ws/install/my_py_pkg/lib/my_py_pkg
[1.190s] Installing robot_news_station script to /home/vboxuser/ros2_ws/install/my_py_pkg/lib/my_py_pkg
[1.190s] Installing smartphone script to /home/vboxuser/ros2_ws/install/my_py_pkg/lib/my_py_pkg
[1.190s] writing list of installed files to '/home/vboxuser/ros2_ws/build/my_py_pkg/install.log'
[1.228s] Invoked command in '/home/vboxuser/ros2_ws/src/my_py_pkg' returned '0': PYTHONPATH=/home/vboxuser/ros2_ws/build/my_py_pkg/prefix_override:/home/vboxuser/ros2_ws/install/my_py_pkg/lib/python3.10/site-packages:${PYTHONPATH} /usr/bin/python3 setup.py egg_info --egg-base ../../build/my_py_pkg build --build-base /home/vboxuser/ros2_ws/build/my_py_pkg/build install --record /home/vboxuser/ros2_ws/build/my_py_pkg/install.log --single-version-externally-managed
