[0.096s] Invoking command in '/home/vboxuser/ros2_ws/build/my_cpp_pkg': CMAKE_PREFIX_PATH=${CMAKE_PREFIX_PATH}:/home/vboxuser/ros2_ws/install/my_py_pkg:/home/vboxuser/install/my_py_pkg:/opt/ros/humble /usr/bin/cmake --build /home/vboxuser/ros2_ws/build/my_cpp_pkg -- -j6 -l6
[0.159s] [35m[1mConsolidate compiler generated dependencies of target add_two_ints_server[0m
[0.190s] [ 25%] Built target cpp_node
[0.192s] [ 50%] Built target smartphone
[0.193s] [ 75%] Built target robot_news_station
[0.198s] [ 87%] [32mBuilding CXX object CMakeFiles/add_two_ints_server.dir/src/add_two_ints_server.cpp.o[0m
[3.013s] [01m[K/home/vboxuser/ros2_ws/src/my_cpp_pkg/src/add_two_ints_server.cpp:[m[K In constructor ‘[01m[KAddTwoIntsServerNode::AddTwoIntsServerNode()[m[K’:
[3.013s] [01m[K/home/vboxuser/ros2_ws/src/my_cpp_pkg/src/add_two_ints_server.cpp:12:40:[m[K [01;31m[Kerror: [m[K‘[01m[Kexample_interface[m[K’ was not declared in this scope; did you mean ‘[01m[Kexample_interfaces[m[K’?
[3.013s]    12 |         server_ = this->create_service<[01;31m[Kexample_interface[m[K::srv::AddTwoInts>("add_two_ints", std::bind(&AddTwoIntsServerNode::callbackAddTwoInts, _1, _-- - 2));
[3.013s]       |                                        [01;31m[K^~~~~~~~~~~~~~~~~[m[K
[3.013s]       |                                        [32m[Kexample_interfaces[m[K
[3.013s] [01m[K/home/vboxuser/ros2_ws/src/my_cpp_pkg/src/add_two_ints_server.cpp:12:25:[m[K [01;31m[Kerror: [m[Kparse error in template argument list
[3.013s]    12 |         server_ = this->[01;31m[Kcreate_service<example_interface::srv::AddTwoInts>[m[K("add_two_ints", std::bind(&AddTwoIntsServerNode::callbackAddTwoInts, _1, _-- - 2));
[3.013s]       |                         [01;31m[K^~~~~~~~~~~~~~~~~~~~~~~~~~~~~~~~~~~~~~~~~~~~~~~~~~[m[K
[3.021s] [01m[K/home/vboxuser/ros2_ws/src/my_cpp_pkg/src/add_two_ints_server.cpp:12:149:[m[K [01;31m[Kerror: [m[K‘[01m[K_[m[K’ was not declared in this scope; did you mean ‘[01m[K_2[m[K’?
[3.021s]    12 |         server_ = this->create_service<example_interface::srv::AddTwoInts>("add_two_ints", std::bind(&AddTwoIntsServerNode::callbackAddTwoInts, _1, [01;31m[K_[m[K-- - 2));
[3.021s]       |                                                                                                                                                     [01;31m[K^[m[K
[3.021s]       |                                                                                                                                                     [32m[K_2[m[K
[3.552s] gmake[2]: *** [CMakeFiles/add_two_ints_server.dir/build.make:76: CMakeFiles/add_two_ints_server.dir/src/add_two_ints_server.cpp.o] Error 1
[3.552s] gmake[1]: *** [CMakeFiles/Makefile2:221: CMakeFiles/add_two_ints_server.dir/all] Error 2
[3.552s] gmake: *** [Makefile:146: all] Error 2
[3.555s] Invoked command in '/home/vboxuser/ros2_ws/build/my_cpp_pkg' returned '2': CMAKE_PREFIX_PATH=${CMAKE_PREFIX_PATH}:/home/vboxuser/ros2_ws/install/my_py_pkg:/home/vboxuser/install/my_py_pkg:/opt/ros/humble /usr/bin/cmake --build /home/vboxuser/ros2_ws/build/my_cpp_pkg -- -j6 -l6
