-- Found ament_cmake: 1.3.8 (/opt/ros/humble/share/ament_cmake/cmake)
-- Found rclcpp: 16.0.8 (/opt/ros/humble/share/rclcpp/cmake)
-- Found rosidl_generator_c: 3.1.5 (/opt/ros/humble/share/rosidl_generator_c/cmake)
-- Found rosidl_adapter: 3.1.5 (/opt/ros/humble/share/rosidl_adapter/cmake)
-- Found rosidl_generator_cpp: 3.1.5 (/opt/ros/humble/share/rosidl_generator_cpp/cmake)
-- Using all available rosidl_typesupport_c: rosidl_typesupport_fastrtps_c;rosidl_typesupport_introspection_c
-- Using all available rosidl_typesupport_cpp: rosidl_typesupport_fastrtps_cpp;rosidl_typesupport_introspection_cpp
-- Found rmw_implementation_cmake: 6.1.1 (/opt/ros/humble/share/rmw_implementation_cmake/cmake)
-- Found rmw_fastrtps_cpp: 6.2.6 (/opt/ros/humble/share/rmw_fastrtps_cpp/cmake)
-- Using RMW implementation 'rmw_fastrtps_cpp' as default
-- Found example_interfaces: 0.9.3 (/opt/ros/humble/share/example_interfaces/cmake)
-- Found ament_lint_auto: 0.12.10 (/opt/ros/humble/share/ament_lint_auto/cmake)
-- Added test 'cppcheck' to perform static code analysis on C / C++ code
-- Configured cppcheck include dirs: 
-- Configured cppcheck exclude dirs and/or files: 
-- Added test 'lint_cmake' to check CMake code style
-- Added test 'uncrustify' to check C / C++ code style
-- Configured uncrustify additional arguments: 
-- Added test 'xmllint' to check XML markup files
-- Configuring done
-- Generating done
-- Build files have been written to: /home/vboxuser/ros2_ws/build/my_cpp_pkg
[35m[1mConsolidate compiler generated dependencies of target robot_news_station[0m
[35m[1mConsolidate compiler generated dependencies of target smartphone[0m
[35m[1mConsolidate compiler generated dependencies of target cpp_node[0m
[35m[1mConsolidate compiler generated dependencies of target add_two_ints_server[0m
[ 10%] [32mBuilding CXX object CMakeFiles/add_two_ints_client_no_oop.dir/src/add_two_ints_client_no_oop.cpp.o[0m
[ 40%] Built target robot_news_station
[ 50%] Built target cpp_node
[ 70%] Built target smartphone
[ 80%] [32mBuilding CXX object CMakeFiles/add_two_ints_server.dir/src/add_two_ints_server.cpp.o[0m
[01m[K/home/vboxuser/ros2_ws/src/my_cpp_pkg/src/add_two_ints_client_no_oop.cpp:[m[K In function ‘[01m[Kint main(int, char**)[m[K’:
[01m[K/home/vboxuser/ros2_ws/src/my_cpp_pkg/src/add_two_ints_client_no_oop.cpp:12:5:[m[K [01;31m[Kerror: [m[Kexpected ‘[01m[K;[m[K’ before ‘[01m[K}[m[K’ token
   12 |     [01;31m[K}[m[K
      |     [01;31m[K^[m[K
[01m[K/home/vboxuser/ros2_ws/src/my_cpp_pkg/src/add_two_ints_client_no_oop.cpp:18:65:[m[K [01;31m[Kerror: [m[K‘[01m[Krclcpp::executor[m[K’ has not been declared
   18 |     if(rclcpp::spin_until_future_complete(node,future)==rclcpp::[01;31m[Kexecutor[m[K::FutureReturnCode::SUCCESS)
      |                                                                 [01;31m[K^~~~~~~~[m[K
[01m[K/home/vboxuser/ros2_ws/src/my_cpp_pkg/src/add_two_ints_client_no_oop.cpp:20:21:[m[K [01;31m[Kerror: [m[Kinvalid use of ‘[01m[Kthis[m[K’ in non-member function
   20 |         RCLCPP_INFP([01;31m[Kthis[m[K->get_logger(),"%ld + %ld = %ld",request->a,request->b, future.get()->sum);
      |                     [01;31m[K^~~~[m[K
[01m[K/home/vboxuser/ros2_ws/src/my_cpp_pkg/src/add_two_ints_client_no_oop.cpp:20:9:[m[K [01;31m[Kerror: [m[K‘[01m[KRCLCPP_INFP[m[K’ was not declared in this scope; did you mean ‘[01m[KRCLCPP_INFO[m[K’?
   20 |         [01;31m[KRCLCPP_INFP[m[K(this->get_logger(),"%ld + %ld = %ld",request->a,request->b, future.get()->sum);
      |         [01;31m[K^~~~~~~~~~~[m[K
      |         [32m[KRCLCPP_INFO[m[K
In file included from [01m[K/opt/ros/humble/include/rclcpp/rclcpp/client.hpp:40[m[K,
                 from [01m[K/opt/ros/humble/include/rclcpp/rclcpp/callback_group.hpp:24[m[K,
                 from [01m[K/opt/ros/humble/include/rclcpp/rclcpp/any_executable.hpp:20[m[K,
                 from [01m[K/opt/ros/humble/include/rclcpp/rclcpp/memory_strategy.hpp:25[m[K,
                 from [01m[K/opt/ros/humble/include/rclcpp/rclcpp/memory_strategies.hpp:18[m[K,
                 from [01m[K/opt/ros/humble/include/rclcpp/rclcpp/executor_options.hpp:20[m[K,
                 from [01m[K/opt/ros/humble/include/rclcpp/rclcpp/executor.hpp:37[m[K,
                 from [01m[K/opt/ros/humble/include/rclcpp/rclcpp/executors/multi_threaded_executor.hpp:25[m[K,
                 from [01m[K/opt/ros/humble/include/rclcpp/rclcpp/executors.hpp:21[m[K,
                 from [01m[K/opt/ros/humble/include/rclcpp/rclcpp/rclcpp.hpp:155[m[K,
                 from [01m[K/home/vboxuser/ros2_ws/src/my_cpp_pkg/src/add_two_ints_client_no_oop.cpp:1[m[K:
[01m[K/home/vboxuser/ros2_ws/src/my_cpp_pkg/src/add_two_ints_client_no_oop.cpp:25:22:[m[K [01;31m[Kerror: [m[Kinvalid use of ‘[01m[Kthis[m[K’ in non-member function
   25 |         RCLCPP_ERROR([01;31m[Kthis[m[K->get_logger(),"Error While Calling service");
      |                      [01;31m[K^~~~[m[K
[01m[K/home/vboxuser/ros2_ws/src/my_cpp_pkg/src/add_two_ints_client_no_oop.cpp:25:22:[m[K [01;31m[Kerror: [m[Kinvalid use of ‘[01m[Kthis[m[K’ in non-member function
[01m[K/home/vboxuser/ros2_ws/src/my_cpp_pkg/src/add_two_ints_client_no_oop.cpp:25:9:[m[K [01;31m[Kerror: [m[Ktemplate argument 1 is invalid
   25 |         [01;31m[KRCLCPP_ERROR[m[K(this->get_logger(),"Error While Calling service");
      |         [01;31m[K^~~~~~~~~~~~[m[K
[01m[K/home/vboxuser/ros2_ws/src/my_cpp_pkg/src/add_two_ints_client_no_oop.cpp:25:9:[m[K [01;31m[Kerror: [m[K‘[01m[K<declaration error>[m[K’ is not a template [[01;31m[K]8;;https://gcc.gnu.org/onlinedocs/gcc/Warning-Options.html#index-fpermissive-fpermissive]8;;[m[K]
   25 |         [01;31m[KRCLCPP_ERROR[m[K(this->get_logger(),"Error While Calling service");
      |         [01;31m[K^~~~~~~~~~~~[m[K
[01m[K/home/vboxuser/ros2_ws/src/my_cpp_pkg/src/add_two_ints_client_no_oop.cpp:25:9:[m[K [01;31m[Kerror: [m[Ktemplate argument 1 is invalid
   25 |         [01;31m[KRCLCPP_ERROR[m[K(this->get_logger(),"Error While Calling service");
      |         [01;31m[K^~~~~~~~~~~~[m[K
[01m[K/home/vboxuser/ros2_ws/src/my_cpp_pkg/src/add_two_ints_client_no_oop.cpp:25:9:[m[K [01;31m[Kerror: [m[K‘[01m[K<declaration error>[m[K’ is not a template [[01;31m[K]8;;https://gcc.gnu.org/onlinedocs/gcc/Warning-Options.html#index-fpermissive-fpermissive]8;;[m[K]
   25 |         [01;31m[KRCLCPP_ERROR[m[K(this->get_logger(),"Error While Calling service");
      |         [01;31m[K^~~~~~~~~~~~[m[K
[01m[K/home/vboxuser/ros2_ws/src/my_cpp_pkg/src/add_two_ints_client_no_oop.cpp:25:9:[m[K [01;31m[Kerror: [m[Ktemplate argument 1 is invalid
   25 |         [01;31m[KRCLCPP_ERROR[m[K(this->get_logger(),"Error While Calling service");
      |         [01;31m[K^~~~~~~~~~~~[m[K
In file included from [01m[K/opt/ros/humble/include/rclcpp/rclcpp/logging.hpp:24[m[K,
                 from [01m[K/opt/ros/humble/include/rclcpp/rclcpp/client.hpp:40[m[K,
                 from [01m[K/opt/ros/humble/include/rclcpp/rclcpp/callback_group.hpp:24[m[K,
                 from [01m[K/opt/ros/humble/include/rclcpp/rclcpp/any_executable.hpp:20[m[K,
                 from [01m[K/opt/ros/humble/include/rclcpp/rclcpp/memory_strategy.hpp:25[m[K,
                 from [01m[K/opt/ros/humble/include/rclcpp/rclcpp/memory_strategies.hpp:18[m[K,
                 from [01m[K/opt/ros/humble/include/rclcpp/rclcpp/executor_options.hpp:20[m[K,
                 from [01m[K/opt/ros/humble/include/rclcpp/rclcpp/executor.hpp:37[m[K,
                 from [01m[K/opt/ros/humble/include/rclcpp/rclcpp/executors/multi_threaded_executor.hpp:25[m[K,
                 from [01m[K/opt/ros/humble/include/rclcpp/rclcpp/executors.hpp:21[m[K,
                 from [01m[K/opt/ros/humble/include/rclcpp/rclcpp/rclcpp.hpp:155[m[K,
                 from [01m[K/home/vboxuser/ros2_ws/src/my_cpp_pkg/src/add_two_ints_client_no_oop.cpp:1[m[K:
[01m[K/home/vboxuser/ros2_ws/src/my_cpp_pkg/src/add_two_ints_client_no_oop.cpp:25:22:[m[K [01;31m[Kerror: [m[Kinvalid use of ‘[01m[Kthis[m[K’ in non-member function
   25 |         RCLCPP_ERROR([01;31m[Kthis[m[K->get_logger(),"Error While Calling service");
      |                      [01;31m[K^~~~[m[K
[01m[K/home/vboxuser/ros2_ws/src/my_cpp_pkg/src/add_two_ints_client_no_oop.cpp:25:22:[m[K [01;31m[Kerror: [m[Kinvalid use of ‘[01m[Kthis[m[K’ in non-member function
   25 |         RCLCPP_ERROR([01;31m[Kthis[m[K->get_logger(),"Error While Calling service");
      |                      [01;31m[K^~~~[m[K
[01m[K/home/vboxuser/ros2_ws/src/my_cpp_pkg/src/add_two_ints_client_no_oop.cpp:[m[K At global scope:
[01m[K/home/vboxuser/ros2_ws/src/my_cpp_pkg/src/add_two_ints_client_no_oop.cpp:29:2:[m[K [01;31m[Kerror: [m[K‘[01m[Kff[m[K’ does not name a type
   29 | }[01;31m[Kff[m[K
      |  [01;31m[K^~[m[K
gmake[2]: *** [CMakeFiles/add_two_ints_client_no_oop.dir/build.make:76: CMakeFiles/add_two_ints_client_no_oop.dir/src/add_two_ints_client_no_oop.cpp.o] Error 1
gmake[1]: *** [CMakeFiles/Makefile2:249: CMakeFiles/add_two_ints_client_no_oop.dir/all] Error 2
gmake[1]: *** Waiting for unfinished jobs....
[ 90%] [32m[1mLinking CXX executable add_two_ints_server[0m
[ 90%] Built target add_two_ints_server
gmake: *** [Makefile:146: all] Error 2
