[0.092s] Invoking command in '/home/vboxuser/ros2_ws/build/my_cpp_pkg': CMAKE_PREFIX_PATH=${CMAKE_PREFIX_PATH}:/home/vboxuser/ros2_ws/install/my_py_pkg:/home/vboxuser/install/my_py_pkg:/opt/ros/humble /usr/bin/cmake --build /home/vboxuser/ros2_ws/build/my_cpp_pkg -- -j6 -l6
[0.161s] [35m[1mConsolidate compiler generated dependencies of target add_two_ints_server[0m
[0.168s] [ 25%] Built target cpp_node
[0.171s] [ 50%] Built target robot_news_station
[0.180s] [ 75%] Built target smartphone
[0.189s] [ 87%] [32mBuilding CXX object CMakeFiles/add_two_ints_server.dir/src/add_two_ints_server.cpp.o[0m
[2.648s] [01m[K/home/vboxuser/ros2_ws/src/my_cpp_pkg/src/add_two_ints_server.cpp:[m[K In constructor ‘[01m[KAddTwoIntsServerNode::AddTwoIntsServerNode()[m[K’:
[2.648s] [01m[K/home/vboxuser/ros2_ws/src/my_cpp_pkg/src/add_two_ints_server.cpp:12:40:[m[K [01;31m[Kerror: [m[K‘[01m[Kexample_interface[m[K’ was not declared in this scope; did you mean ‘[01m[Kexample_interfaces[m[K’?
[2.648s]    12 |         server_ = this->create_service<[01;31m[Kexample_interface[m[K::srv::AddTwoInts>("add_two_ints", std::bind(&AddTwoIntsServerNode::callbackAddTwoInts, _1, _-- - 2));
[2.648s]       |                                        [01;31m[K^~~~~~~~~~~~~~~~~[m[K
[2.649s]       |                                        [32m[Kexample_interfaces[m[K
[2.649s] [01m[K/home/vboxuser/ros2_ws/src/my_cpp_pkg/src/add_two_ints_server.cpp:12:25:[m[K [01;31m[Kerror: [m[Kparse error in template argument list
[2.649s]    12 |         server_ = this->[01;31m[Kcreate_service<example_interface::srv::AddTwoInts>[m[K("add_two_ints", std::bind(&AddTwoIntsServerNode::callbackAddTwoInts, _1, _-- - 2));
[2.649s]       |                         [01;31m[K^~~~~~~~~~~~~~~~~~~~~~~~~~~~~~~~~~~~~~~~~~~~~~~~~~[m[K
[2.653s] [01m[K/home/vboxuser/ros2_ws/src/my_cpp_pkg/src/add_two_ints_server.cpp:12:149:[m[K [01;31m[Kerror: [m[K‘[01m[K_[m[K’ was not declared in this scope; did you mean ‘[01m[K_2[m[K’?
[2.653s]    12 | woInts>("add_two_ints", std::bind(&AddTwoIntsServerNode::callbackAddTwoInts, _1, [01;31m[K_[m[K-- - 2));
[2.653s]       |                                                                                  [01;31m[K^[m[K
[2.653s]       |                                                                                  [32m[K_2[m[K
[2.660s] In file included from [01m[K/opt/ros/humble/include/rclcpp/rclcpp/logging.hpp:24[m[K,
[2.660s]                  from [01m[K/opt/ros/humble/include/rclcpp/rclcpp/client.hpp:40[m[K,
[2.660s]                  from [01m[K/opt/ros/humble/include/rclcpp/rclcpp/callback_group.hpp:24[m[K,
[2.660s]                  from [01m[K/opt/ros/humble/include/rclcpp/rclcpp/any_executable.hpp:20[m[K,
[2.660s]                  from [01m[K/opt/ros/humble/include/rclcpp/rclcpp/memory_strategy.hpp:25[m[K,
[2.660s]                  from [01m[K/opt/ros/humble/include/rclcpp/rclcpp/memory_strategies.hpp:18[m[K,
[2.660s]                  from [01m[K/opt/ros/humble/include/rclcpp/rclcpp/executor_options.hpp:20[m[K,
[2.660s]                  from [01m[K/opt/ros/humble/include/rclcpp/rclcpp/executor.hpp:37[m[K,
[2.660s]                  from [01m[K/opt/ros/humble/include/rclcpp/rclcpp/executors/multi_threaded_executor.hpp:25[m[K,
[2.660s]                  from [01m[K/opt/ros/humble/include/rclcpp/rclcpp/executors.hpp:21[m[K,
[2.660s]                  from [01m[K/opt/ros/humble/include/rclcpp/rclcpp/rclcpp.hpp:155[m[K,
[2.660s]                  from [01m[K/home/vboxuser/ros2_ws/src/my_cpp_pkg/src/add_two_ints_server.cpp:1[m[K:
[2.660s] [01m[K/home/vboxuser/ros2_ws/src/my_cpp_pkg/src/add_two_ints_server.cpp:[m[K In member function ‘[01m[Kvoid AddTwoIntsServerNode::callbackAddTwoInts(example_interfaces::srv::AddTwoInts_Request_<std::allocator<void> >::SharedPtr, example_interfaces::srv::AddTwoInts_Response_<std::allocator<void> >::SharedPtr)[m[K’:
[2.661s] [01m[K/home/vboxuser/ros2_ws/src/my_cpp_pkg/src/add_two_ints_server.cpp:20:41:[m[K [01;35m[Kwarning: [m[Kformat ‘[01m[K%d[m[K’ expects argument of type ‘[01m[Kint[m[K’, but argument 5 has type ‘[01m[Kexample_interfaces::srv::AddTwoInts_Request_<std::allocator<void> >::_a_type[m[K’ {aka ‘[01m[Klong int[m[K’} [[01;35m[K]8;;https://gcc.gnu.org/onlinedocs/gcc/Warning-Options.html#index-Wformat=-Wformat=]8;;[m[K]
[2.661s]    20 |         RCLCPP_INFO(this->get_logger(), [01;35m[K"%d +%d =%ld"[m[K, [32m[Krequest->a[m[K, request->b, response->sum);
[2.661s]       |                                         [01;35m[K^~~~~~~~~~~~~[m[K  [32m[K~~~~~~~~~~[m[K
[2.661s]       |                                                                 [32m[K|[m[K
[2.661s]       |                                                                 [32m[Kexample_interfaces::srv::AddTwoInts_Request_<std::allocator<void> >::_a_type {aka long int}[m[K
[2.661s] [01m[K/home/vboxuser/ros2_ws/src/my_cpp_pkg/src/add_two_ints_server.cpp:20:43:[m[K [01;36m[Knote: [m[Kformat string is defined here
[2.661s]    20 |         RCLCPP_INFO(this->get_logger(), "[01;36m[K%d[m[K +%d =%ld", request->a, request->b, response->sum);
[2.661s]       |                                          [01;36m[K~^[m[K
[2.661s]       |                                           [01;36m[K|[m[K
[2.661s]       |                                           [01;36m[Kint[m[K
[2.661s]       |                                          [32m[K%ld[m[K
[2.661s] In file included from [01m[K/opt/ros/humble/include/rclcpp/rclcpp/logging.hpp:24[m[K,
[2.661s]                  from [01m[K/opt/ros/humble/include/rclcpp/rclcpp/client.hpp:40[m[K,
[2.662s]                  from [01m[K/opt/ros/humble/include/rclcpp/rclcpp/callback_group.hpp:24[m[K,
[2.662s]                  from [01m[K/opt/ros/humble/include/rclcpp/rclcpp/any_executable.hpp:20[m[K,
[2.662s]                  from [01m[K/opt/ros/humble/include/rclcpp/rclcpp/memory_strategy.hpp:25[m[K,
[2.662s]                  from [01m[K/opt/ros/humble/include/rclcpp/rclcpp/memory_strategies.hpp:18[m[K,
[2.662s]                  from [01m[K/opt/ros/humble/include/rclcpp/rclcpp/executor_options.hpp:20[m[K,
[2.662s]                  from [01m[K/opt/ros/humble/include/rclcpp/rclcpp/executor.hpp:37[m[K,
[2.662s]                  from [01m[K/opt/ros/humble/include/rclcpp/rclcpp/executors/multi_threaded_executor.hpp:25[m[K,
[2.662s]                  from [01m[K/opt/ros/humble/include/rclcpp/rclcpp/executors.hpp:21[m[K,
[2.662s]                  from [01m[K/opt/ros/humble/include/rclcpp/rclcpp/rclcpp.hpp:155[m[K,
[2.662s]                  from [01m[K/home/vboxuser/ros2_ws/src/my_cpp_pkg/src/add_two_ints_server.cpp:1[m[K:
[2.662s] [01m[K/home/vboxuser/ros2_ws/src/my_cpp_pkg/src/add_two_ints_server.cpp:20:41:[m[K [01;35m[Kwarning: [m[Kformat ‘[01m[K%d[m[K’ expects argument of type ‘[01m[Kint[m[K’, but argument 6 has type ‘[01m[Kexample_interfaces::srv::AddTwoInts_Request_<std::allocator<void> >::_b_type[m[K’ {aka ‘[01m[Klong int[m[K’} [[01;35m[K]8;;https://gcc.gnu.org/onlinedocs/gcc/Warning-Options.html#index-Wformat=-Wformat=]8;;[m[K]
[2.662s]    20 |         RCLCPP_INFO(this->get_logger(), [01;35m[K"%d +%d =%ld"[m[K, request->a, [32m[Krequest->b[m[K, response->sum);
[2.662s]       |                                         [01;35m[K^~~~~~~~~~~~~[m[K              [32m[K~~~~~~~~~~[m[K
[2.662s]       |                                                                             [32m[K|[m[K
[2.663s]       |                                                                             [32m[Kexample_interfaces::srv::AddTwoInts_Request_<std::allocator<void> >::_b_type {aka long int}[m[K
[2.663s] [01m[K/home/vboxuser/ros2_ws/src/my_cpp_pkg/src/add_two_ints_server.cpp:20:47:[m[K [01;36m[Knote: [m[Kformat string is defined here
[2.663s]    20 |         RCLCPP_INFO(this->get_logger(), "%d +[01;36m[K%d[m[K =%ld", request->a, request->b, response->sum);
[2.663s]       |                                              [01;36m[K~^[m[K
[2.663s]       |                                               [01;36m[K|[m[K
[2.663s]       |                                               [01;36m[Kint[m[K
[2.663s]       |                                              [32m[K%ld[m[K
[3.101s] gmake[2]: *** [CMakeFiles/add_two_ints_server.dir/build.make:76: CMakeFiles/add_two_ints_server.dir/src/add_two_ints_server.cpp.o] Error 1
[3.101s] gmake[1]: *** [CMakeFiles/Makefile2:221: CMakeFiles/add_two_ints_server.dir/all] Error 2
[3.101s] gmake: *** [Makefile:146: all] Error 2
[3.104s] Invoked command in '/home/vboxuser/ros2_ws/build/my_cpp_pkg' returned '2': CMAKE_PREFIX_PATH=${CMAKE_PREFIX_PATH}:/home/vboxuser/ros2_ws/install/my_py_pkg:/home/vboxuser/install/my_py_pkg:/opt/ros/humble /usr/bin/cmake --build /home/vboxuser/ros2_ws/build/my_cpp_pkg -- -j6 -l6
